#
# There is insufficient memory for the Java Runtime Environment to continue.
# Native memory allocation (malloc) failed to allocate 1682144 bytes for Chunk::new
# Possible reasons:
#   The system is out of physical RAM or swap space
#   The process is running with CompressedOops enabled, and the Java Heap may be blocking the growth of the native heap
# Possible solutions:
#   Reduce memory load on the system
#   Increase physical memory or swap space
#   Check if swap backing store is full
#   Decrease Java heap size (-Xmx/-Xms)
#   Decrease number of Java threads
#   Decrease Java thread stack sizes (-Xss)
#   Set larger code cache with -XX:ReservedCodeCacheSize=
#   JVM is running with Unscaled Compressed Oops mode in which the Java heap is
#     placed in the first 4GB address space. The Java Heap base address is the
#     maximum limit for the native heap growth. Please use -XX:HeapBaseMinAddress
#     to set the Java Heap base and to place the Java Heap above 4GB virtual address.
# This output file may be truncated or incomplete.
#
#  Out of Memory Error (allocation.cpp:389), pid=9480, tid=0x0000000000002540
#
# JRE version: OpenJDK Runtime Environment (8.0_202-b03) (build 1.8.0_202-release-1483-b03)
# Java VM: OpenJDK 64-Bit Server VM (25.202-b03 mixed mode windows-amd64 compressed oops)
# Failed to write core dump. Minidumps are not enabled by default on client versions of Windows
#

---------------  T H R E A D  ---------------

Current thread (0x0000000016a1d000):  JavaThread "C2 CompilerThread1" daemon [_thread_in_native, id=9536, stack(0x0000000018180000,0x0000000018280000)]

Stack: [0x0000000018180000,0x0000000018280000]
[error occurred during error reporting (printing stack bounds), id 0xc0000005]

Native frames: (J=compiled Java code, j=interpreted, Vv=VM code, C=native code)


Current CompileTask:
C2:   5587 1802   !   4       java.net.URLClassLoader$1::run (63 bytes)


---------------  P R O C E S S  ---------------

Java Threads: ( => current thread )
  0x00000000183b2800 JavaThread "Service Thread" daemon [_thread_blocked, id=17588, stack(0x0000000018780000,0x0000000018880000)]
  0x0000000016a45000 JavaThread "C1 CompilerThread2" daemon [_thread_blocked, id=14164, stack(0x0000000018280000,0x0000000018380000)]
=>0x0000000016a1d000 JavaThread "C2 CompilerThread1" daemon [_thread_in_native, id=9536, stack(0x0000000018180000,0x0000000018280000)]
  0x0000000016a19000 JavaThread "C2 CompilerThread0" daemon [_thread_in_native, id=9024, stack(0x0000000018080000,0x0000000018180000)]
  0x0000000016a17800 JavaThread "Attach Listener" daemon [_thread_blocked, id=7488, stack(0x0000000017f80000,0x0000000018080000)]
  0x0000000016a16000 JavaThread "Signal Dispatcher" daemon [_thread_blocked, id=14272, stack(0x0000000017e80000,0x0000000017f80000)]
  0x00000000169fa000 JavaThread "Finalizer" daemon [_thread_blocked, id=10448, stack(0x0000000017c70000,0x0000000017d70000)]
  0x00000000169f9000 JavaThread "Reference Handler" daemon [_thread_blocked, id=5936, stack(0x0000000017b70000,0x0000000017c70000)]
  0x0000000002fb4800 JavaThread "main" [_thread_in_native, id=14800, stack(0x0000000001520000,0x0000000001620000)]

Other Threads:
  0x00000000169d5800 VMThread [stack: 0x0000000017a70000,0x0000000017b70000] [id=12216]
  0x00000000183b3000 WatcherThread [stack: 0x0000000018880000,0x0000000018980000] [id=5676]

VM state:not at safepoint (normal execution)

VM Mutex/Monitor currently owned by a thread: None

heap address: 0x00000000a1c00000, size: 1508 MB, Compressed Oops mode: 32-bit
Narrow klass base: 0x0000000000000000, Narrow klass shift: 3
Compressed class space size: 1073741824 Address: 0x0000000100000000

Heap:
 PSYoungGen      total 53248K, used 21775K [0x00000000e0980000, 0x00000000e4180000, 0x0000000100000000)
  eden space 49152K, 44% used [0x00000000e0980000,0x00000000e1ec3cd0,0x00000000e3980000)
  from space 4096K, 0% used [0x00000000e3d80000,0x00000000e3d80000,0x00000000e4180000)
  to   space 4096K, 0% used [0x00000000e3980000,0x00000000e3980000,0x00000000e3d80000)
 ParOldGen       total 55296K, used 11239K [0x00000000a1c00000, 0x00000000a5200000, 0x00000000e0980000)
  object space 55296K, 20% used [0x00000000a1c00000,0x00000000a26f9fe0,0x00000000a5200000)
 Metaspace       used 22490K, capacity 22992K, committed 23088K, reserved 1069056K
  class space    used 2699K, capacity 2867K, committed 2944K, reserved 1048576K

Card table byte_map: [0x0000000012550000,0x0000000012850000] byte_map_base: 0x0000000012042000

Marking Bits: (ParMarkBitMap*) 0x000000006a3a9f30
 Begin Bits: [0x0000000012e50000, 0x00000000145e0000)
 End Bits:   [0x00000000145e0000, 0x0000000015d70000)

Polling page: 0x0000000001220000

CodeCache: size=245760Kb used=5670Kb max_used=5678Kb free=240089Kb
 bounds [0x0000000003190000, 0x0000000003730000, 0x0000000012190000]
 total_blobs=2213 nmethods=1804 adapters=322
 compilation: enabled

Compilation events (10 events):
Event: 4.881 Thread 0x0000000016a19000 1801       4       java.net.URLClassLoader$1::run (5 bytes)
Event: 4.887 Thread 0x0000000016a1d000 1802   !   4       java.net.URLClassLoader$1::run (63 bytes)
Event: 4.962 Thread 0x0000000016a45000 1803       3       java.lang.ReflectiveOperationException::<init> (7 bytes)
Event: 4.962 Thread 0x0000000016a45000 nmethod 1803 0x000000000371ecd0 code [0x000000000371ee40, 0x000000000371f028]
Event: 4.962 Thread 0x0000000016a45000 1804       3       java.lang.Exception::<init> (7 bytes)
Event: 4.962 Thread 0x0000000016a45000 nmethod 1804 0x000000000371e950 code [0x000000000371eac0, 0x000000000371ec48]
Event: 4.970 Thread 0x0000000016a45000 1805       3       java.lang.Package::<init> (56 bytes)
Event: 4.971 Thread 0x0000000016a45000 nmethod 1805 0x000000000371e4d0 code [0x000000000371e620, 0x000000000371e890]
Event: 5.077 Thread 0x0000000016a45000 1806       1       org.jetbrains.kotlin.com.intellij.psi.tree.IElementType::getIndex (5 bytes)
Event: 5.077 Thread 0x0000000016a45000 nmethod 1806 0x000000000371e210 code [0x000000000371e360, 0x000000000371e470]

GC Heap History (10 events):
Event: 1.524 GC heap before
{Heap before GC invocations=1 (full 0):
 PSYoungGen      total 28672K, used 24576K [0x00000000e0980000, 0x00000000e2980000, 0x0000000100000000)
  eden space 24576K, 100% used [0x00000000e0980000,0x00000000e2180000,0x00000000e2180000)
  from space 4096K, 0% used [0x00000000e2580000,0x00000000e2580000,0x00000000e2980000)
  to   space 4096K, 0% used [0x00000000e2180000,0x00000000e2180000,0x00000000e2580000)
 ParOldGen       total 65536K, used 0K [0x00000000a1c00000, 0x00000000a5c00000, 0x00000000e0980000)
  object space 65536K, 0% used [0x00000000a1c00000,0x00000000a1c00000,0x00000000a5c00000)
 Metaspace       used 8781K, capacity 9104K, committed 9216K, reserved 1056768K
  class space    used 948K, capacity 1022K, committed 1024K, reserved 1048576K
Event: 1.531 GC heap after
Heap after GC invocations=1 (full 0):
 PSYoungGen      total 28672K, used 4089K [0x00000000e0980000, 0x00000000e2980000, 0x0000000100000000)
  eden space 24576K, 0% used [0x00000000e0980000,0x00000000e0980000,0x00000000e2180000)
  from space 4096K, 99% used [0x00000000e2180000,0x00000000e257e460,0x00000000e2580000)
  to   space 4096K, 0% used [0x00000000e2580000,0x00000000e2580000,0x00000000e2980000)
 ParOldGen       total 65536K, used 1779K [0x00000000a1c00000, 0x00000000a5c00000, 0x00000000e0980000)
  object space 65536K, 2% used [0x00000000a1c00000,0x00000000a1dbcc88,0x00000000a5c00000)
 Metaspace       used 8781K, capacity 9104K, committed 9216K, reserved 1056768K
  class space    used 948K, capacity 1022K, committed 1024K, reserved 1048576K
}
Event: 2.480 GC heap before
{Heap before GC invocations=2 (full 0):
 PSYoungGen      total 28672K, used 28665K [0x00000000e0980000, 0x00000000e2980000, 0x0000000100000000)
  eden space 24576K, 100% used [0x00000000e0980000,0x00000000e2180000,0x00000000e2180000)
  from space 4096K, 99% used [0x00000000e2180000,0x00000000e257e460,0x00000000e2580000)
  to   space 4096K, 0% used [0x00000000e2580000,0x00000000e2580000,0x00000000e2980000)
 ParOldGen       total 65536K, used 1779K [0x00000000a1c00000, 0x00000000a5c00000, 0x00000000e0980000)
  object space 65536K, 2% used [0x00000000a1c00000,0x00000000a1dbcc88,0x00000000a5c00000)
 Metaspace       used 12798K, capacity 13052K, committed 13312K, reserved 1060864K
  class space    used 1431K, capacity 1502K, committed 1536K, reserved 1048576K
Event: 2.494 GC heap after
Heap after GC invocations=2 (full 0):
 PSYoungGen      total 28672K, used 4064K [0x00000000e0980000, 0x00000000e2980000, 0x0000000100000000)
  eden space 24576K, 0% used [0x00000000e0980000,0x00000000e0980000,0x00000000e2180000)
  from space 4096K, 99% used [0x00000000e2580000,0x00000000e2978020,0x00000000e2980000)
  to   space 4096K, 0% used [0x00000000e2180000,0x00000000e2180000,0x00000000e2580000)
 ParOldGen       total 65536K, used 5165K [0x00000000a1c00000, 0x00000000a5c00000, 0x00000000e0980000)
  object space 65536K, 7% used [0x00000000a1c00000,0x00000000a210b4e0,0x00000000a5c00000)
 Metaspace       used 12798K, capacity 13052K, committed 13312K, reserved 1060864K
  class space    used 1431K, capacity 1502K, committed 1536K, reserved 1048576K
}
Event: 3.518 GC heap before
{Heap before GC invocations=3 (full 0):
 PSYoungGen      total 28672K, used 28640K [0x00000000e0980000, 0x00000000e2980000, 0x0000000100000000)
  eden space 24576K, 100% used [0x00000000e0980000,0x00000000e2180000,0x00000000e2180000)
  from space 4096K, 99% used [0x00000000e2580000,0x00000000e2978020,0x00000000e2980000)
  to   space 4096K, 0% used [0x00000000e2180000,0x00000000e2180000,0x00000000e2580000)
 ParOldGen       total 65536K, used 5165K [0x00000000a1c00000, 0x00000000a5c00000, 0x00000000e0980000)
  object space 65536K, 7% used [0x00000000a1c00000,0x00000000a210b4e0,0x00000000a5c00000)
 Metaspace       used 18475K, capacity 18850K, committed 19200K, reserved 1067008K
  class space    used 2168K, capacity 2263K, committed 2304K, reserved 1048576K
Event: 3.532 GC heap after
Heap after GC invocations=3 (full 0):
 PSYoungGen      total 28672K, used 4064K [0x00000000e0980000, 0x00000000e4180000, 0x0000000100000000)
  eden space 24576K, 0% used [0x00000000e0980000,0x00000000e0980000,0x00000000e2180000)
  from space 4096K, 99% used [0x00000000e2180000,0x00000000e2578030,0x00000000e2580000)
  to   space 4096K, 0% used [0x00000000e3d80000,0x00000000e3d80000,0x00000000e4180000)
 ParOldGen       total 65536K, used 10666K [0x00000000a1c00000, 0x00000000a5c00000, 0x00000000e0980000)
  object space 65536K, 16% used [0x00000000a1c00000,0x00000000a266aac0,0x00000000a5c00000)
 Metaspace       used 18475K, capacity 18850K, committed 19200K, reserved 1067008K
  class space    used 2168K, capacity 2263K, committed 2304K, reserved 1048576K
}
Event: 3.884 GC heap before
{Heap before GC invocations=4 (full 0):
 PSYoungGen      total 28672K, used 11429K [0x00000000e0980000, 0x00000000e4180000, 0x0000000100000000)
  eden space 24576K, 29% used [0x00000000e0980000,0x00000000e10b1550,0x00000000e2180000)
  from space 4096K, 99% used [0x00000000e2180000,0x00000000e2578030,0x00000000e2580000)
  to   space 4096K, 0% used [0x00000000e3d80000,0x00000000e3d80000,0x00000000e4180000)
 ParOldGen       total 65536K, used 10666K [0x00000000a1c00000, 0x00000000a5c00000, 0x00000000e0980000)
  object space 65536K, 16% used [0x00000000a1c00000,0x00000000a266aac0,0x00000000a5c00000)
 Metaspace       used 20738K, capacity 21126K, committed 21296K, reserved 1069056K
  class space    used 2456K, capacity 2598K, committed 2688K, reserved 1048576K
Event: 3.899 GC heap after
Heap after GC invocations=4 (full 0):
 PSYoungGen      total 53248K, used 4080K [0x00000000e0980000, 0x00000000e4180000, 0x0000000100000000)
  eden space 49152K, 0% used [0x00000000e0980000,0x00000000e0980000,0x00000000e3980000)
  from space 4096K, 99% used [0x00000000e3d80000,0x00000000e417c020,0x00000000e4180000)
  to   space 4096K, 0% used [0x00000000e3980000,0x00000000e3980000,0x00000000e3d80000)
 ParOldGen       total 65536K, used 12381K [0x00000000a1c00000, 0x00000000a5c00000, 0x00000000e0980000)
  object space 65536K, 18% used [0x00000000a1c00000,0x00000000a2817508,0x00000000a5c00000)
 Metaspace       used 20738K, capacity 21126K, committed 21296K, reserved 1069056K
  class space    used 2456K, capacity 2598K, committed 2688K, reserved 1048576K
}
Event: 3.899 GC heap before
{Heap before GC invocations=5 (full 1):
 PSYoungGen      total 53248K, used 4080K [0x00000000e0980000, 0x00000000e4180000, 0x0000000100000000)
  eden space 49152K, 0% used [0x00000000e0980000,0x00000000e0980000,0x00000000e3980000)
  from space 4096K, 99% used [0x00000000e3d80000,0x00000000e417c020,0x00000000e4180000)
  to   space 4096K, 0% used [0x00000000e3980000,0x00000000e3980000,0x00000000e3d80000)
 ParOldGen       total 65536K, used 12381K [0x00000000a1c00000, 0x00000000a5c00000, 0x00000000e0980000)
  object space 65536K, 18% used [0x00000000a1c00000,0x00000000a2817508,0x00000000a5c00000)
 Metaspace       used 20738K, capacity 21126K, committed 21296K, reserved 1069056K
  class space    used 2456K, capacity 2598K, committed 2688K, reserved 1048576K
Event: 3.974 GC heap after
Heap after GC invocations=5 (full 1):
 PSYoungGen      total 53248K, used 0K [0x00000000e0980000, 0x00000000e4180000, 0x0000000100000000)
  eden space 49152K, 0% used [0x00000000e0980000,0x00000000e0980000,0x00000000e3980000)
  from space 4096K, 0% used [0x00000000e3d80000,0x00000000e3d80000,0x00000000e4180000)
  to   space 4096K, 0% used [0x00000000e3980000,0x00000000e3980000,0x00000000e3d80000)
 ParOldGen       total 55296K, used 11239K [0x00000000a1c00000, 0x00000000a5200000, 0x00000000e0980000)
  object space 55296K, 20% used [0x00000000a1c00000,0x00000000a26f9fe0,0x00000000a5200000)
 Metaspace       used 20738K, capacity 21126K, committed 21296K, reserved 1069056K
  class space    used 2456K, capacity 2598K, committed 2688K, reserved 1048576K
}

Deoptimization events (10 events):
Event: 3.834 Thread 0x0000000002fb4800 Uncommon trap: reason=unstable_if action=reinterpret pc=0x000000000346e1e8 method=sun.misc.MetaIndex.mayContain(Ljava/lang/String;)Z @ 38
Event: 4.170 Thread 0x0000000002fb4800 Uncommon trap: reason=unstable_if action=reinterpret pc=0x0000000003538b64 method=java.lang.String.<init>([CII)V @ 18
Event: 5.272 Thread 0x0000000002fb4800 Uncommon trap: reason=bimorphic action=maybe_recompile pc=0x00000000036ed45c method=gnu.trove.TObjectHash.computeHashCode(Ljava/lang/Object;)I @ 5
Event: 5.273 Thread 0x0000000002fb4800 Uncommon trap: reason=bimorphic action=maybe_recompile pc=0x00000000036ed45c method=gnu.trove.TObjectHash.computeHashCode(Ljava/lang/Object;)I @ 5
Event: 5.274 Thread 0x0000000002fb4800 Uncommon trap: reason=bimorphic action=maybe_recompile pc=0x00000000036ed45c method=gnu.trove.TObjectHash.computeHashCode(Ljava/lang/Object;)I @ 5
Event: 5.274 Thread 0x0000000002fb4800 Uncommon trap: reason=bimorphic action=maybe_recompile pc=0x00000000036ed45c method=gnu.trove.TObjectHash.computeHashCode(Ljava/lang/Object;)I @ 5
Event: 5.274 Thread 0x0000000002fb4800 Uncommon trap: reason=class_check action=maybe_recompile pc=0x00000000036eb148 method=gnu.trove.TObjectHash.equals(Ljava/lang/Object;Ljava/lang/Object;)Z @ 6
Event: 5.274 Thread 0x0000000002fb4800 Uncommon trap: reason=class_check action=maybe_recompile pc=0x00000000036eb148 method=gnu.trove.TObjectHash.equals(Ljava/lang/Object;Ljava/lang/Object;)Z @ 6
Event: 5.274 Thread 0x0000000002fb4800 Uncommon trap: reason=class_check action=maybe_recompile pc=0x00000000036eb148 method=gnu.trove.TObjectHash.equals(Ljava/lang/Object;Ljava/lang/Object;)Z @ 6
Event: 5.274 Thread 0x0000000002fb4800 Uncommon trap: reason=class_check action=maybe_recompile pc=0x00000000036eb148 method=gnu.trove.TObjectHash.equals(Ljava/lang/Object;Ljava/lang/Object;)Z @ 6

Classes redefined (0 events):
No events

Internal exceptions (10 events):
Event: 1.079 Thread 0x0000000002fb4800 Exception <a 'java/security/PrivilegedActionException'> (0x00000000e1a1d4f0) thrown at [D:\src\AOSP-openjdk-cygwin\jdk8u\hotspot\src\share\vm\prims\jvm.cpp, line 1508]
Event: 1.079 Thread 0x0000000002fb4800 Exception <a 'java/security/PrivilegedActionException'> (0x00000000e1a1dad0) thrown at [D:\src\AOSP-openjdk-cygwin\jdk8u\hotspot\src\share\vm\prims\jvm.cpp, line 1508]
Event: 1.606 Thread 0x0000000002fb4800 Exception <a 'java/lang/ArrayIndexOutOfBoundsException'> (0x00000000e0bb73e0) thrown at [D:\src\AOSP-openjdk-cygwin\jdk8u\hotspot\src\share\vm\runtime\sharedRuntime.cpp, line 605]
Event: 1.956 Thread 0x0000000002fb4800 Exception <a 'java/lang/ArrayIndexOutOfBoundsException'> (0x00000000e15541b8) thrown at [D:\src\AOSP-openjdk-cygwin\jdk8u\hotspot\src\share\vm\runtime\sharedRuntime.cpp, line 605]
Event: 2.875 Thread 0x0000000002fb4800 Implicit null exception at 0x00000000034791af to 0x0000000003479219
Event: 2.996 Thread 0x0000000002fb4800 Exception <a 'java/lang/NoSuchMethodError': java.lang.Object.lambda$comparing$77a9974f$1(Ljava/util/function/Function;Ljava/lang/Object;Ljava/lang/Object;)I> (0x00000000e1809170) thrown at [D:\src\AOSP-openjdk-cygwin\jdk8u\hotspot\src\share\vm\interpreter
Event: 3.036 Thread 0x0000000002fb4800 Exception <a 'java/lang/NoSuchMethodError': java.lang.Object.lambda$static$0()J> (0x00000000e1902d30) thrown at [D:\src\AOSP-openjdk-cygwin\jdk8u\hotspot\src\share\vm\interpreter\linkResolver.cpp, line 620]
Event: 3.491 Thread 0x0000000002fb4800 Exception <a 'java/lang/NoSuchMethodError': java.lang.Object.lambda$static$0(I)[Lorg/jetbrains/kotlin/com/intellij/openapi/editor/event/DocumentListener;> (0x00000000e2063768) thrown at [D:\src\AOSP-openjdk-cygwin\jdk8u\hotspot\src\share\vm\interpreter\li
Event: 3.583 Thread 0x0000000002fb4800 Exception <a 'java/lang/NoSuchMethodError': java.lang.Object.lambda$static$0(I)[Lorg/jetbrains/kotlin/com/intellij/psi/PsiAnnotation;> (0x00000000e0a842d8) thrown at [D:\src\AOSP-openjdk-cygwin\jdk8u\hotspot\src\share\vm\interpreter\linkResolver.cpp, line
Event: 3.806 Thread 0x0000000002fb4800 Exception <a 'java/lang/NoSuchMethodError': java.lang.Object.lambda$static$0(I)[Lorg/jetbrains/kotlin/com/intellij/psi/PsiElement;> (0x00000000e0f77140) thrown at [D:\src\AOSP-openjdk-cygwin\jdk8u\hotspot\src\share\vm\interpreter\linkResolver.cpp, line 62

Events (10 events):
Event: 5.534 loading class org/jetbrains/kotlin/builtins/KotlinBuiltIns$2
Event: 5.534 loading class org/jetbrains/kotlin/builtins/KotlinBuiltIns$2 done
Event: 5.534 loading class org/jetbrains/kotlin/builtins/KotlinBuiltIns$3
Event: 5.534 loading class org/jetbrains/kotlin/builtins/KotlinBuiltIns$3 done
Event: 5.535 loading class org/jetbrains/kotlin/storage/LockBasedStorageManager$MapBasedMemoizedFunctionToNotNull
Event: 5.535 loading class org/jetbrains/kotlin/storage/LockBasedStorageManager$MapBasedMemoizedFunctionToNotNull done
Event: 5.536 loading class org/jetbrains/kotlin/builtins/jvm/JvmBuiltIns$settings$2
Event: 5.536 loading class org/jetbrains/kotlin/builtins/jvm/JvmBuiltIns$settings$2 done
Event: 5.586 loading class org/jetbrains/kotlin/builtins/jvm/JvmBuiltIns$WhenMappings
Event: 5.586 loading class org/jetbrains/kotlin/builtins/jvm/JvmBuiltIns$WhenMappings done


Dynamic libraries:
0x00007ff6f6980000 - 0x00007ff6f69b1000 	D:\Program Files\Android\Android Studio\jre\jre\bin\java.exe
0x00007ffbf1b40000 - 0x00007ffbf1d30000 	C:\Windows\SYSTEM32\ntdll.dll
0x00007ffbf1340000 - 0x00007ffbf13f2000 	C:\Windows\System32\KERNEL32.DLL
0x00007ffbef610000 - 0x00007ffbef8b3000 	C:\Windows\System32\KERNELBASE.dll
0x00007ffbeff80000 - 0x00007ffbf0023000 	C:\Windows\System32\ADVAPI32.dll
0x00007ffbf02f0000 - 0x00007ffbf038e000 	C:\Windows\System32\msvcrt.dll
0x00007ffbf1840000 - 0x00007ffbf18d7000 	C:\Windows\System32\sechost.dll
0x00007ffbf1460000 - 0x00007ffbf1580000 	C:\Windows\System32\RPCRT4.dll
0x00007ffbf0f20000 - 0x00007ffbf10b4000 	C:\Windows\System32\USER32.dll
0x00007ffbef8c0000 - 0x00007ffbef8e1000 	C:\Windows\System32\win32u.dll
0x00007ffbeff50000 - 0x00007ffbeff76000 	C:\Windows\System32\GDI32.dll
0x00007ffbef370000 - 0x00007ffbef504000 	C:\Windows\System32\gdi32full.dll
0x00007ffbefb50000 - 0x00007ffbefbee000 	C:\Windows\System32\msvcp_win.dll
0x00007ffbeeaf0000 - 0x00007ffbeebea000 	C:\Windows\System32\ucrtbase.dll
0x00007ffbdf400000 - 0x00007ffbdf685000 	C:\Windows\WinSxS\amd64_microsoft.windows.common-controls_6595b64144ccf1df_6.0.18362.418_none_e6c6b287130d565d\COMCTL32.dll
0x00007ffbefc10000 - 0x00007ffbeff46000 	C:\Windows\System32\combase.dll
0x00007ffbef950000 - 0x00007ffbef9d0000 	C:\Windows\System32\bcryptPrimitives.dll
0x00007ffbf0390000 - 0x00007ffbf03be000 	C:\Windows\System32\IMM32.DLL
0x000000006a7a0000 - 0x000000006a872000 	D:\Program Files\Android\Android Studio\jre\jre\bin\msvcr100.dll
0x0000000069be0000 - 0x000000006a426000 	D:\Program Files\Android\Android Studio\jre\jre\bin\server\jvm.dll
0x00007ffbf02e0000 - 0x00007ffbf02e8000 	C:\Windows\System32\PSAPI.DLL
0x00007ffbdec80000 - 0x00007ffbdec89000 	C:\Windows\SYSTEM32\WSOCK32.dll
0x00007ffbf18e0000 - 0x00007ffbf194f000 	C:\Windows\System32\WS2_32.dll
0x00007ffbeb990000 - 0x00007ffbeb9b4000 	C:\Windows\SYSTEM32\WINMM.dll
0x00007ffbe5b30000 - 0x00007ffbe5b3a000 	C:\Windows\SYSTEM32\VERSION.dll
0x00007ffbeb960000 - 0x00007ffbeb98d000 	C:\Windows\SYSTEM32\WINMMBASE.dll
0x00007ffbef510000 - 0x00007ffbef55a000 	C:\Windows\System32\cfgmgr32.dll
0x00007ffbeba30000 - 0x00007ffbeba3f000 	D:\Program Files\Android\Android Studio\jre\jre\bin\verify.dll
0x00007ffbe7d30000 - 0x00007ffbe7d59000 	D:\Program Files\Android\Android Studio\jre\jre\bin\java.dll
0x00007ffbe79a0000 - 0x00007ffbe79b6000 	D:\Program Files\Android\Android Studio\jre\jre\bin\zip.dll
0x00007ffbf03c0000 - 0x00007ffbf0aa5000 	C:\Windows\System32\SHELL32.dll
0x00007ffbf1650000 - 0x00007ffbf16f9000 	C:\Windows\System32\shcore.dll
0x00007ffbeebf0000 - 0x00007ffbef36f000 	C:\Windows\System32\windows.storage.dll
0x00007ffbeea20000 - 0x00007ffbeea3f000 	C:\Windows\System32\profapi.dll
0x00007ffbeea60000 - 0x00007ffbeeaaa000 	C:\Windows\System32\powrprof.dll
0x00007ffbeea10000 - 0x00007ffbeea20000 	C:\Windows\System32\UMPDC.dll
0x00007ffbf11b0000 - 0x00007ffbf1202000 	C:\Windows\System32\shlwapi.dll
0x00007ffbeea40000 - 0x00007ffbeea51000 	C:\Windows\System32\kernel.appcore.dll
0x00007ffbeead0000 - 0x00007ffbeeae7000 	C:\Windows\System32\cryptsp.dll
0x00007ffbde9f0000 - 0x00007ffbdea0a000 	D:\Program Files\Android\Android Studio\jre\jre\bin\net.dll
0x00007ffbee280000 - 0x00007ffbee2e7000 	C:\Windows\system32\mswsock.dll
0x00007ffbde9d0000 - 0x00007ffbde9e1000 	D:\Program Files\Android\Android Studio\jre\jre\bin\nio.dll

VM Arguments:
java_command: org.jetbrains.kotlin.cli.jvm.K2JVMCompiler -Xallow-no-source-files -classpath D:\dmitr\.gradle\caches\modules-2\files-2.1\org.jetbrains.kotlin\kotlin-android-extensions-runtime\1.3.50\bec16087637a7cafe54894e73d38037977cb30d2\kotlin-android-extensions-runtime-1.3.50.jar;D:\dmitr\.gradle\caches\modules-2\files-2.1\org.jetbrains.kotlin\kotlin-stdlib-jdk7\1.3.50\50ad05ea1c2595fb31b800e76db464d08d599af3\kotlin-stdlib-jdk7-1.3.50.jar;D:\dmitr\.gradle\caches\transforms-2\files-2.1\8ae9e26c5c8c9a000acc0ed16b5d86cd\core-ktx-1.1.0\jars\classes.jar;D:\dmitr\.gradle\caches\modules-2\files-2.1\org.jetbrains.kotlin\kotlin-stdlib\1.3.50\b529d1738c7e98bbfa36a4134039528f2ce78ebf\kotlin-stdlib-1.3.50.jar;D:\dmitr\.gradle\caches\modules-2\files-2.1\org.jetbrains.kotlin\kotlin-stdlib-common\1.3.50\3d9cd3e1bc7b92e95f43d45be3bfbcf38e36ab87\kotlin-stdlib-common-1.3.50.jar;D:\dmitr\.gradle\caches\modules-2\files-2.1\org.jetbrains\annotations\13.0\919f0dfe192fb4e063e7dacadee7f8bb9a2672a9\annotations-13.0.jar;D:\dmitr\.gradle\caches\transforms-2\files-2.1\0c59e42970579c9c36ddd604ba39521e\appcompat-1.1.0\jars\classes.jar;D:\dmitr\.gradle\caches\transforms-2\files-2.1\dde3a500be3f9e82cad45fe9d0d4710f\fragment-1.1.0\jars\classes.jar;D:\dmitr\.gradle\caches\transforms-2\files-2.1\1e690e96e239b5322a70849840aaf8d6\appcompat-resources-1.1.0\jars\classes.jar;D:\dmitr\.gradle\caches\transforms-2\files-2.1\b67b53361488a275cff23d941d562e4f\drawerlayout-1.0.0\jars\classes.jar;D:\dmitr\.gradle\caches\transforms-2\files-2.1\017eb3dbde765a50e2c453e2c1be3254\viewpager-1.0.0\jars\classes.jar;D:\dmitr\.gradle\caches\transforms-2\files-2.1\569463a400f4655cb66ccd8c77ac9d23\loader-1.0.0\jars\classes.jar;D:\dmitr\.gradle\caches\transforms-2\files-2.1\7e76384a25d516b81e48b47e66093da8\activity-1.0.0\jars\classes.jar;D:\dmitr\.gradle\caches\transforms-2\files-2.1\0d1e24dd755d137670cc772a0e1e427c\vectordrawable-animated-1.1.0\jars\classes.jar;D:\dmitr\.gradle\caches\transforms-2\files-2.1\1a82c7742c5a
java_class_path (initial): D:\dmitr\.gradle\caches\modules-2\files-2.1\org.jetbrains.kotlin\kotlin-compiler-embeddable\1.3.50\1251c1768e5769b06c2487d6f6cf8acf6efb8960\kotlin-compiler-embeddable-1.3.50.jar;D:\dmitr\.gradle\caches\modules-2\files-2.1\org.jetbrains.kotlin\kotlin-reflect\1.3.50\b499f22fd7c3e9c2e5b6c4005221fa47fc7f9a7a\kotlin-reflect-1.3.50.jar;D:\dmitr\.gradle\caches\modules-2\files-2.1\org.jetbrains.kotlin\kotlin-stdlib\1.3.50\b529d1738c7e98bbfa36a4134039528f2ce78ebf\kotlin-stdlib-1.3.50.jar;D:\dmitr\.gradle\caches\modules-2\files-2.1\org.jetbrains.kotlin\kotlin-script-runtime\1.3.50\59492b8dfb92522ba0ddb5dd1c4d0ef0a4fca1af\kotlin-script-runtime-1.3.50.jar;D:\dmitr\.gradle\caches\modules-2\files-2.1\org.jetbrains.kotlin\kotlin-daemon-embeddable\1.3.50\5cb93bb33f4c6f833ead0beca4c831668e00cf52\kotlin-daemon-embeddable-1.3.50.jar;D:\dmitr\.gradle\caches\modules-2\files-2.1\org.jetbrains.intellij.deps\trove4j\1.0.20181211\216c2e14b070f334479d800987affe4054cd563f\trove4j-1.0.20181211.jar;D:\dmitr\.gradle\caches\modules-2\files-2.1\org.jetbrains.kotlin\kotlin-stdlib-common\1.3.50\3d9cd3e1bc7b92e95f43d45be3bfbcf38e36ab87\kotlin-stdlib-common-1.3.50.jar;D:\dmitr\.gradle\caches\modules-2\files-2.1\org.jetbrains\annotations\13.0\919f0dfe192fb4e063e7dacadee7f8bb9a2672a9\annotations-13.0.jar;D:\Program Files\Android\Android Studio\jre\lib\tools.jar
Launcher Type: SUN_STANDARD

Environment Variables:
JAVA_HOME=D:\Program Files\Java\jdk-13.0.1
PATH=C:\Windows\system32;C:\Windows;C:\Windows\System32\Wbem;C:\Windows\System32\WindowsPowerShell\v1.0\;C:\Windows\System32\OpenSSH\;D:\Program Files (x86)\WinSCP\;C:\Program Files\dotnet\;D:\Program Files\Git\bin\;D:\WindowsApps;
USERNAME=dmitr
OS=Windows_NT
PROCESSOR_IDENTIFIER=Intel64 Family 6 Model 142 Stepping 9, GenuineIntel



---------------  S Y S T E M  ---------------

OS: Windows 10.0 , 64 bit Build 18362 (10.0.18362.329)

CPU:total 4 (initial active 4) (2 cores per cpu, 2 threads per core) family 6 model 142 stepping 9, cmov, cx8, fxsr, mmx, sse, sse2, sse3, ssse3, sse4.1, sse4.2, popcnt, avx, avx2, aes, clmul, erms, 3dnowpref, lzcnt, ht, tsc, tscinvbit, bmi1, bmi2, adx

Memory: 4k page, physical 6173924k(379412k free), swap 12727520k(6248k free)

vm_info: OpenJDK 64-Bit Server VM (25.202-b03) for windows-amd64 JRE (1.8.0_202-release-1483-b03), built by "builder" with MS VC++ 10.0 (VS2010)

time: Tue Nov 05 15:16:01 2019
timezone: RTZ 2 (зима)
elapsed time: 5 seconds (0d 0h 0m 5s)

